<?xml version="1.0" encoding="UTF-8"?>
<testsuite xmlns:xsi="http://www.w3.org/2001/XMLSchema-instance" xsi:schemaLocation="https://maven.apache.org/surefire/maven-surefire-plugin/xsd/surefire-test-report.xsd" name="TestSuite" time="85.295" tests="67" errors="0" skipped="0" failures="2">
  <properties>
    <property name="java.runtime.name" value="Java(TM) SE Runtime Environment"/>
    <property name="sun.boot.library.path" value="C:\Program Files\Java\jdk1.8.0_202\jre\bin"/>
    <property name="java.vm.version" value="25.202-b08"/>
    <property name="java.vm.vendor" value="Oracle Corporation"/>
    <property name="maven.multiModuleProjectDirectory" value="C:\Users\Jayashree\October2021_Selenium\DSAlgo"/>
    <property name="java.vendor.url" value="http://java.oracle.com/"/>
    <property name="path.separator" value=";"/>
    <property name="guice.disable.misplaced.annotation.check" value="true"/>
    <property name="java.vm.name" value="Java HotSpot(TM) 64-Bit Server VM"/>
    <property name="file.encoding.pkg" value="sun.io"/>
    <property name="user.script" value=""/>
    <property name="user.country" value="US"/>
    <property name="sun.java.launcher" value="SUN_STANDARD"/>
    <property name="sun.os.patch.level" value=""/>
    <property name="java.vm.specification.name" value="Java Virtual Machine Specification"/>
    <property name="user.dir" value="C:\Users\Jayashree\October2021_Selenium\DSAlgo"/>
    <property name="java.runtime.version" value="1.8.0_202-b08"/>
    <property name="java.awt.graphicsenv" value="sun.awt.Win32GraphicsEnvironment"/>
    <property name="java.endorsed.dirs" value="C:\Program Files\Java\jdk1.8.0_202\jre\lib\endorsed"/>
    <property name="os.arch" value="amd64"/>
    <property name="java.io.tmpdir" value="C:\Users\JAYASH~1\AppData\Local\Temp\"/>
    <property name="line.separator" value="&#10;"/>
    <property name="java.vm.specification.vendor" value="Oracle Corporation"/>
    <property name="user.variant" value=""/>
    <property name="os.name" value="Windows 10"/>
    <property name="classworlds.conf" value="C:\Users\Jayashree\October2021_Selenium\.metadata\.plugins\org.eclipse.m2e.launching\launches\m2conf633854260820302761.tmp"/>
    <property name="sun.jnu.encoding" value="Cp1252"/>
    <property name="java.library.path" value="C:\Program Files\Java\jdk1.8.0_202\bin;C:\Windows\Sun\Java\bin;C:\Windows\system32;C:\Windows;C:/Program Files/eclipse//plugins/org.eclipse.justj.openjdk.hotspot.jre.full.win32.x86_64_17.0.1.v20211116-1657/jre/bin/server;C:/Program Files/eclipse//plugins/org.eclipse.justj.openjdk.hotspot.jre.full.win32.x86_64_17.0.1.v20211116-1657/jre/bin;C:\Program Files\Java\jdk1.8.0_202\bin;C:\Windows\system32;C:\Windows;C:\Windows\System32\Wbem;C:\Windows\System32\WindowsPowerShell\v1.0\;C:\Windows\System32\OpenSSH\;C:\Program Files\Git\cmd;C:\Program Files\Maven\apache-maven-3.6.1\bin;C:\Program Files\Maven\apache-maven-3.6.1\bin;C:\Users\Jayashree\Downloads\allure-commandline-2.13.0\allure-2.13.0\bin;C:\Program Files\allure-commandline-2.13.0\allure-2.13.0\bin;C:\Program Files\MySQL\MySQL Shell 8.0\bin\;C:\Users\Jayashree\AppData\Local\Microsoft\WindowsApps;C:\Users\Jayashree\AppData\Local\GitHubDesktop\bin;C:\Program Files\eclipse;;."/>
    <property name="java.specification.name" value="Java Platform API Specification"/>
    <property name="java.class.version" value="52.0"/>
    <property name="sun.management.compiler" value="HotSpot 64-Bit Tiered Compilers"/>
    <property name="os.version" value="10.0"/>
    <property name="user.home" value="C:\Users\Jayashree"/>
    <property name="user.timezone" value="America/Chicago"/>
    <property name="java.awt.printerjob" value="sun.awt.windows.WPrinterJob"/>
    <property name="java.specification.version" value="1.8"/>
    <property name="file.encoding" value="Cp1252"/>
    <property name="user.name" value="Jayashree"/>
    <property name="java.class.path" value="C:\Program Files\eclipse\plugins\org.eclipse.m2e.maven.runtime_1.18.1.20211011-2139\jars\plexus-classworlds-2.6.0.jar"/>
    <property name="java.vm.specification.version" value="1.8"/>
    <property name="sun.arch.data.model" value="64"/>
    <property name="java.home" value="C:\Program Files\Java\jdk1.8.0_202\jre"/>
    <property name="sun.java.command" value="org.codehaus.plexus.classworlds.launcher.Launcher -B install"/>
    <property name="java.specification.vendor" value="Oracle Corporation"/>
    <property name="user.language" value="en"/>
    <property name="awt.toolkit" value="sun.awt.windows.WToolkit"/>
    <property name="java.vm.info" value="mixed mode"/>
    <property name="java.version" value="1.8.0_202"/>
    <property name="java.ext.dirs" value="C:\Program Files\Java\jdk1.8.0_202\jre\lib\ext;C:\Windows\Sun\Java\lib\ext"/>
    <property name="sun.boot.class.path" value="C:\Program Files\Java\jdk1.8.0_202\jre\lib\resources.jar;C:\Program Files\Java\jdk1.8.0_202\jre\lib\rt.jar;C:\Program Files\Java\jdk1.8.0_202\jre\lib\sunrsasign.jar;C:\Program Files\Java\jdk1.8.0_202\jre\lib\jsse.jar;C:\Program Files\Java\jdk1.8.0_202\jre\lib\jce.jar;C:\Program Files\Java\jdk1.8.0_202\jre\lib\charsets.jar;C:\Program Files\Java\jdk1.8.0_202\jre\lib\jfr.jar;C:\Program Files\Java\jdk1.8.0_202\jre\classes"/>
    <property name="java.vendor" value="Oracle Corporation"/>
    <property name="maven.home" value="C:\Users\Jayashree\October2021_Selenium\DSAlgo\EMBEDDED"/>
    <property name="file.separator" value="\"/>
    <property name="java.vendor.url.bug" value="http://bugreport.sun.com/bugreport/"/>
    <property name="sun.cpu.endian" value="little"/>
    <property name="sun.io.unicode.encoding" value="UnicodeLittle"/>
    <property name="sun.desktop" value="windows"/>
    <property name="sun.cpu.isalist" value="amd64"/>
  </properties>
  <testcase name="UserShouldBeAbleToOpenDSPortalPage" classname="tests.HomePageTest" time="0.076"/>
  <testcase name="UserShouldBeAbleToOpenHomePage" classname="tests.HomePageTest" time="0.779"/>
  <testcase name="UserShouldbeAbleToSeePanesForDataStructures" classname="tests.HomePageTest" time="0.037"/>
  <testcase name="UserShouldGetAlertWhenClickGetStartedIntroductionButton" classname="tests.HomePageTest" time="0.318"/>
  <testcase name="UserShouldGetAlertWhenClicksArrayGetStartedButton" classname="tests.HomePageTest" time="0.331"/>
  <testcase name="UserShouldGetAlertWhenClicksLinkedListGetStartedButton" classname="tests.HomePageTest" time="0.261"/>
  <testcase name="UserShouldGetAlertWhenClicksStackGetStartedButton" classname="tests.HomePageTest" time="0.28">
    <failure message="Alert message is not Displayed expected [You are not loged in] but found [You are not logged in]" type="java.lang.AssertionError">java.lang.AssertionError: Alert message is not Displayed expected [You are not loged in] but found [You are not logged in]
	at tests.HomePageTest.UserShouldGetAlertWhenClicksStackGetStartedButton(HomePageTest.java:99)
</failure>
    <system-out><![CDATA[1
]]></system-out>
  </testcase>
  <testcase name="UserShouldGetAlertWhenClicksQueueGetStartedButton" classname="tests.HomePageTest" time="0.32"/>
  <testcase name="UserShouldGetAlertWhenClicksTreeGetStartedButton" classname="tests.HomePageTest" time="0.299"/>
  <testcase name="UserShouldGetAlertWhenClicksGraphGetStartedButton" classname="tests.HomePageTest" time="0.326"/>
  <testcase name="UserShouldBeAbleToClickAndViewDropDownItems" classname="tests.HomePageTest" time="0.096"/>
  <testcase name="UserShouldGetAlertWhenSelectArrayItemFromDropDown" classname="tests.HomePageTest" time="0.299"/>
  <testcase name="UserShouldBeAbleToGotoSignInPage" classname="tests.HomePageTest" time="0.172"/>
  <testcase name="UserShouldBeAbleToRegister" classname="tests.HomePageTest" time="0.183"/>
  <testcase name="UserShouldNotBeAbleToRegisterWithInvalidData" classname="tests.RegisterPageTest" time="2.527"/>
  <testcase name="UserShouldNotBeAbleToRegisterWithInvalidData" classname="tests.RegisterPageTest" time="2.432"/>
  <testcase name="UserShouldNotBeAbleToRegisterWithInvalidData" classname="tests.RegisterPageTest" time="2.967"/>
  <testcase name="UserShouldNotBeAbleToRegisterWithInvalidData" classname="tests.RegisterPageTest" time="2.885"/>
  <testcase name="UserShouldNotBeAbleToRegisterWithInvalidData" classname="tests.RegisterPageTest" time="2.752"/>
  <testcase name="UserShouldNotBeAbleToRegisterWithInvalidData" classname="tests.RegisterPageTest" time="2.65"/>
  <testcase name="UserShouldNotBeAbleToRegisterWithInvalidData" classname="tests.RegisterPageTest" time="2.443"/>
  <testcase name="UserShouldNotBeAbleToRegisterWithInvalidData" classname="tests.RegisterPageTest" time="2.378"/>
  <testcase name="UserIsSuccessfullyAbleToRegister" classname="tests.RegisterPageTest" time="4.262"/>
  <testcase name="UserShouldNotBeAbleToLoginWithInvalidLoginCredentials" classname="tests.SignInPageTest" time="0.344"/>
  <testcase name="UserShouldNotBeAbleToLoginWithInvalidLoginCredentials" classname="tests.SignInPageTest" time="0.582"/>
  <testcase name="UserShouldNotBeAbleToLoginWithInvalidLoginCredentials" classname="tests.SignInPageTest" time="0.634"/>
  <testcase name="UserShouldNotBeAbleToLoginWithInvalidLoginCredentials" classname="tests.SignInPageTest" time="0.621"/>
  <testcase name="UserShouldNotBeAbleToLoginWithInvalidLoginCredentials" classname="tests.SignInPageTest" time="0.37"/>
  <testcase name="UserShouldNotBeAbleToLoginWithInvalidLoginCredentials" classname="tests.SignInPageTest" time="0.3"/>
  <testcase name="validUserShouldBeAbleToLogin" classname="tests.SignInPageTest" time="1.205"/>
  <testcase name="UserShouldSignOutSuccessfullyAfterLogin" classname="tests.SignInPageTest" time="0.772"/>
  <testcase name="validUserShouldBeAbletoLandInDSIntroductionPage" classname="tests.DSIntroductionPageTest" time="0.015"/>
  <testcase name="validUserShouldBeRedirectedToTimeCompexityIntroduction" classname="tests.DSIntroductionPageTest" time="0.26"/>
  <testcase name="validUserShouldBeRedirectedToTryEditorPage" classname="tests.DSIntroductionPageTest" time="1.099"/>
  <testcase name="validUserShouldBeRedirectedToPracticeQuestions" classname="tests.DSIntroductionPageTest" time="0.462"/>
  <testcase name="validUserShouldBeAbletoLandInTreePage" classname="tests.TreePageTest" time="0.53"/>
  <testcase name="validUserShouldBeAbletoLandInOverviewPage" classname="tests.TreePageTest" time="0.28"/>
  <testcase name="validUserShouldBeRedirectedToOverviewOfTreesTryEditorPage" classname="tests.TreePageTest" time="0.902"/>
  <testcase name="validUserShouldBeAbletoLandInTerminologiesPage" classname="tests.TreePageTest" time="0.289"/>
  <testcase name="validUserShouldBeRedirectedToTerminologiesOfTreesTryEditorPage" classname="tests.TreePageTest" time="0.626"/>
  <testcase name="validUserShouldBeAbletoLandInTypesOfTreesPage" classname="tests.TreePageTest" time="0.269"/>
  <testcase name="validUserShouldBeRedirectedToTypesOfTreesTryEditorPage" classname="tests.TreePageTest" time="0.661"/>
  <testcase name="validUserShouldBeAbletoLandInTreeTraversalsPage" classname="tests.TreePageTest" time="0.315"/>
  <testcase name="validUserShouldBeRedirectedToTreeTraversalTryEditorPage" classname="tests.TreePageTest" time="0.591"/>
  <testcase name="validUserShouldBeAbletoLandTraversalIllustrationPage" classname="tests.TreePageTest" time="0.382"/>
  <testcase name="validUserShouldBeRedirectedToTraversalIllustrationTryEditorPage" classname="tests.TreePageTest" time="0.617"/>
  <testcase name="validUserShouldBeAbletoLandBinaryTreesPage" classname="tests.TreePageTest" time="0.415"/>
  <testcase name="validUserShouldBeRedirectedToBinaryTreesTryEditorPage" classname="tests.TreePageTest" time="0.738"/>
  <testcase name="validUserShouldBeAbletoLandTypesOfBinaryTreesPage" classname="tests.TreePageTest" time="0.452"/>
  <testcase name="validUserShouldBeRedirectedToTypesOfBinaryTreesTryEditorPage" classname="tests.TreePageTest" time="0.833"/>
  <testcase name="validUserShouldBeAbletoLandImplementationInPythonPage" classname="tests.TreePageTest" time="0.392"/>
  <testcase name="validUserShouldBeRedirectedToImplementationInpythonTryEditorPage" classname="tests.TreePageTest" time="0.782"/>
  <testcase name="validUserShouldBeAbletoLandBinaryTreeTraversalsPage" classname="tests.TreePageTest" time="0.394"/>
  <testcase name="validUserShouldBeRedirectedToBinaryTreeTraversalsTryEditorPage" classname="tests.TreePageTest" time="0.701"/>
  <testcase name="validUserShouldBeAbletoLandImplementationOfBinaryTreesPage" classname="tests.TreePageTest" time="0.316"/>
  <testcase name="validUserShouldBeRedirectedToImplementationOfBinaryTreesTryEditorPage" classname="tests.TreePageTest" time="0.739"/>
  <testcase name="validUserShouldBeAbletoLandApplicationsOfBinaryTreesPage" classname="tests.TreePageTest" time="0.301"/>
  <testcase name="validUserShouldBeRedirectedToApplicationsOfBinaryTreesTryEditorPage" classname="tests.TreePageTest" time="0.728"/>
  <testcase name="validUserShouldBeAbletoLandBinarySearchTreesPage" classname="tests.TreePageTest" time="0.483"/>
  <testcase name="validUserShouldBeRedirectedToBinarySearchTreesTryEditorPage" classname="tests.TreePageTest" time="0.778"/>
  <testcase name="validUserShouldBeAbletoLandImplementationOfBSTPage" classname="tests.TreePageTest" time="0.321"/>
  <testcase name="validUserShouldBeRedirectedToImplementationOfBSTTryEditorPage" classname="tests.TreePageTest" time="0.693"/>
  <testcase name="validUserShouldBeRedirectedToPracticeQuestions" classname="tests.TreePageTest" time="0.525">
    <failure message="Invalid Page!! expected [Practicee Questions] but found [Practice Questions]" type="java.lang.AssertionError">java.lang.AssertionError: Invalid Page!! expected [Practicee Questions] but found [Practice Questions]
	at tests.TreePageTest.validUserShouldBeRedirectedToPracticeQuestions(TreePageTest.java:353)
</failure>
    <system-out><![CDATA[1
]]></system-out>
  </testcase>
  <testcase name="validUserShouldBeAbletoLandInGraphPage" classname="tests.GraphPageTest" time="0.009"/>
  <testcase name="validUserShouldBeRedirectedToGraphTryEditorPage" classname="tests.GraphPageTest" time="1.269"/>
  <testcase name="validUserShouldBeAbletoLandInGraphRepresentationPage" classname="tests.GraphPageTest" time="0.35"/>
  <testcase name="validUserShouldBeRedirectedToGraphRepresentationsTryEditorPage" classname="tests.GraphPageTest" time="0.599"/>
</testsuite>