<?xml version="1.0" encoding="UTF-8"?>
<!-- Generated by org.testng.reporters.JUnitReportReporter -->
<testsuite skipped="0" hostname="DESKTOP-C6SQIIN" name="tests.RegisterPageTest" tests="9" failures="0" timestamp="16 Aug 2022 20:30:12 GMT" time="24.263" errors="0">
  <testcase name="UserShouldNotBeAbleToRegisterWithInvalidData" time="2.627" classname="tests.RegisterPageTest"/>
  <testcase name="UserShouldNotBeAbleToRegisterWithInvalidData" time="2.569" classname="tests.RegisterPageTest"/>
  <testcase name="UserShouldNotBeAbleToRegisterWithInvalidData" time="2.637" classname="tests.RegisterPageTest"/>
  <testcase name="UserShouldNotBeAbleToRegisterWithInvalidData" time="2.521" classname="tests.RegisterPageTest"/>
  <testcase name="UserShouldNotBeAbleToRegisterWithInvalidData" time="2.439" classname="tests.RegisterPageTest"/>
  <testcase name="UserShouldNotBeAbleToRegisterWithInvalidData" time="2.897" classname="tests.RegisterPageTest"/>
  <testcase name="UserShouldNotBeAbleToRegisterWithInvalidData" time="2.404" classname="tests.RegisterPageTest"/>
  <testcase name="UserShouldNotBeAbleToRegisterWithInvalidData" time="2.329" classname="tests.RegisterPageTest"/>
  <testcase name="UserIsSuccessfullyAbleToRegister" time="3.840" classname="tests.RegisterPageTest"/>
</testsuite> <!-- tests.RegisterPageTest -->
