<?xml version="1.0" encoding="UTF-8"?>
<!-- Generated by org.testng.reporters.JUnitReportReporter -->
<testsuite skipped="0" hostname="DESKTOP-C6SQIIN" name="tests.SignInPageTest" tests="8" failures="0" timestamp="16 Aug 2022 20:30:12 GMT" time="4.180" errors="0">
  <testcase name="UserShouldNotBeAbleToLoginWithInvalidLoginCredentials" time="0.653" classname="tests.SignInPageTest"/>
  <testcase name="UserShouldNotBeAbleToLoginWithInvalidLoginCredentials" time="0.651" classname="tests.SignInPageTest"/>
  <testcase name="UserShouldNotBeAbleToLoginWithInvalidLoginCredentials" time="0.364" classname="tests.SignInPageTest"/>
  <testcase name="UserShouldNotBeAbleToLoginWithInvalidLoginCredentials" time="0.302" classname="tests.SignInPageTest"/>
  <testcase name="UserShouldNotBeAbleToLoginWithInvalidLoginCredentials" time="0.379" classname="tests.SignInPageTest"/>
  <testcase name="UserShouldNotBeAbleToLoginWithInvalidLoginCredentials" time="0.660" classname="tests.SignInPageTest"/>
  <testcase name="validUserShouldBeAbleToLogin" time="0.859" classname="tests.SignInPageTest"/>
  <testcase name="UserShouldSignOutSuccessfullyAfterLogin" time="0.312" classname="tests.SignInPageTest"/>
</testsuite> <!-- tests.SignInPageTest -->
