<?xml version="1.0" encoding="UTF-8"?>
<!-- Generated by org.testng.reporters.JUnitReportReporter -->
<testsuite skipped="0" hostname="DESKTOP-C6SQIIN" name="tests.SignInPageTest" tests="8" failures="0" timestamp="16 Aug 2022 22:26:05 GMT" time="4.830" errors="0">
  <testcase name="UserShouldNotBeAbleToLoginWithInvalidLoginCredentials" time="0.581" classname="tests.SignInPageTest"/>
  <testcase name="UserShouldNotBeAbleToLoginWithInvalidLoginCredentials" time="0.623" classname="tests.SignInPageTest"/>
  <testcase name="UserShouldNotBeAbleToLoginWithInvalidLoginCredentials" time="0.344" classname="tests.SignInPageTest"/>
  <testcase name="UserShouldNotBeAbleToLoginWithInvalidLoginCredentials" time="0.633" classname="tests.SignInPageTest"/>
  <testcase name="UserShouldNotBeAbleToLoginWithInvalidLoginCredentials" time="0.369" classname="tests.SignInPageTest"/>
  <testcase name="UserShouldNotBeAbleToLoginWithInvalidLoginCredentials" time="0.301" classname="tests.SignInPageTest"/>
  <testcase name="validUserShouldBeAbleToLogin" time="1.206" classname="tests.SignInPageTest"/>
  <testcase name="UserShouldSignOutSuccessfullyAfterLogin" time="0.773" classname="tests.SignInPageTest"/>
</testsuite> <!-- tests.SignInPageTest -->
