<?xml version="1.0" encoding="UTF-8"?>
<!-- Generated by org.testng.reporters.JUnitReportReporter -->
<testsuite skipped="0" hostname="DESKTOP-C6SQIIN" name="tests.TreePageTest" tests="28" failures="1" timestamp="16 Aug 2022 22:26:05 GMT" time="15.284" errors="0">
  <testcase name="validUserShouldBeAbletoLandInTreePage" time="0.531" classname="tests.TreePageTest"/>
  <testcase name="validUserShouldBeAbletoLandInOverviewPage" time="0.280" classname="tests.TreePageTest"/>
  <testcase name="validUserShouldBeRedirectedToOverviewOfTreesTryEditorPage" time="0.903" classname="tests.TreePageTest"/>
  <testcase name="validUserShouldBeAbletoLandInTerminologiesPage" time="0.290" classname="tests.TreePageTest"/>
  <testcase name="validUserShouldBeRedirectedToTerminologiesOfTreesTryEditorPage" time="0.625" classname="tests.TreePageTest"/>
  <testcase name="validUserShouldBeAbletoLandInTypesOfTreesPage" time="0.268" classname="tests.TreePageTest"/>
  <testcase name="validUserShouldBeRedirectedToTypesOfTreesTryEditorPage" time="0.662" classname="tests.TreePageTest"/>
  <testcase name="validUserShouldBeAbletoLandInTreeTraversalsPage" time="0.315" classname="tests.TreePageTest"/>
  <testcase name="validUserShouldBeRedirectedToTreeTraversalTryEditorPage" time="0.590" classname="tests.TreePageTest"/>
  <testcase name="validUserShouldBeAbletoLandTraversalIllustrationPage" time="0.383" classname="tests.TreePageTest"/>
  <testcase name="validUserShouldBeRedirectedToTraversalIllustrationTryEditorPage" time="0.618" classname="tests.TreePageTest"/>
  <testcase name="validUserShouldBeAbletoLandBinaryTreesPage" time="0.416" classname="tests.TreePageTest"/>
  <testcase name="validUserShouldBeRedirectedToBinaryTreesTryEditorPage" time="0.738" classname="tests.TreePageTest"/>
  <testcase name="validUserShouldBeAbletoLandTypesOfBinaryTreesPage" time="0.452" classname="tests.TreePageTest"/>
  <testcase name="validUserShouldBeRedirectedToTypesOfBinaryTreesTryEditorPage" time="0.834" classname="tests.TreePageTest"/>
  <testcase name="validUserShouldBeAbletoLandImplementationInPythonPage" time="0.392" classname="tests.TreePageTest"/>
  <testcase name="validUserShouldBeRedirectedToImplementationInpythonTryEditorPage" time="0.784" classname="tests.TreePageTest"/>
  <testcase name="validUserShouldBeAbletoLandBinaryTreeTraversalsPage" time="0.395" classname="tests.TreePageTest"/>
  <testcase name="validUserShouldBeRedirectedToBinaryTreeTraversalsTryEditorPage" time="0.701" classname="tests.TreePageTest"/>
  <testcase name="validUserShouldBeAbletoLandImplementationOfBinaryTreesPage" time="0.317" classname="tests.TreePageTest"/>
  <testcase name="validUserShouldBeRedirectedToImplementationOfBinaryTreesTryEditorPage" time="0.740" classname="tests.TreePageTest"/>
  <testcase name="validUserShouldBeAbletoLandApplicationsOfBinaryTreesPage" time="0.301" classname="tests.TreePageTest"/>
  <testcase name="validUserShouldBeRedirectedToApplicationsOfBinaryTreesTryEditorPage" time="0.729" classname="tests.TreePageTest"/>
  <testcase name="validUserShouldBeAbletoLandBinarySearchTreesPage" time="0.484" classname="tests.TreePageTest"/>
  <testcase name="validUserShouldBeRedirectedToBinarySearchTreesTryEditorPage" time="0.778" classname="tests.TreePageTest"/>
  <testcase name="validUserShouldBeAbletoLandImplementationOfBSTPage" time="0.322" classname="tests.TreePageTest"/>
  <testcase name="validUserShouldBeRedirectedToImplementationOfBSTTryEditorPage" time="0.693" classname="tests.TreePageTest"/>
  <testcase name="validUserShouldBeRedirectedToPracticeQuestions" time="0.743" classname="tests.TreePageTest">
    <failure type="java.lang.AssertionError" message="Invalid Page!! expected [Practicee Questions] but found [Practice Questions]">
      <![CDATA[java.lang.AssertionError: Invalid Page!! expected [Practicee Questions] but found [Practice Questions]
at org.testng.Assert.fail(Assert.java:96)
at org.testng.Assert.failNotEquals(Assert.java:776)
at org.testng.Assert.assertEqualsImpl(Assert.java:137)
at org.testng.Assert.assertEquals(Assert.java:118)
at org.testng.Assert.assertEquals(Assert.java:453)
at tests.TreePageTest.validUserShouldBeRedirectedToPracticeQuestions(TreePageTest.java:353)
at sun.reflect.NativeMethodAccessorImpl.invoke0(Native Method)
at sun.reflect.NativeMethodAccessorImpl.invoke(NativeMethodAccessorImpl.java:62)
at sun.reflect.DelegatingMethodAccessorImpl.invoke(DelegatingMethodAccessorImpl.java:43)
at java.lang.reflect.Method.invoke(Method.java:498)
at org.testng.internal.MethodInvocationHelper.invokeMethod(MethodInvocationHelper.java:124)
at org.testng.internal.Invoker.invokeMethod(Invoker.java:583)
at org.testng.internal.Invoker.invokeTestMethod(Invoker.java:719)
at org.testng.internal.Invoker.invokeTestMethods(Invoker.java:989)
at org.testng.internal.TestMethodWorker.invokeTestMethods(TestMethodWorker.java:125)
at org.testng.internal.TestMethodWorker.run(TestMethodWorker.java:109)
at org.testng.TestRunner.privateRun(TestRunner.java:648)
at org.testng.TestRunner.run(TestRunner.java:505)
at org.testng.SuiteRunner.runTest(SuiteRunner.java:455)
at org.testng.SuiteRunner.runSequentially(SuiteRunner.java:450)
at org.testng.SuiteRunner.privateRun(SuiteRunner.java:415)
at org.testng.SuiteRunner.run(SuiteRunner.java:364)
at org.testng.SuiteRunnerWorker.runSuite(SuiteRunnerWorker.java:52)
at org.testng.SuiteRunnerWorker.run(SuiteRunnerWorker.java:84)
at org.testng.TestNG.runSuitesSequentially(TestNG.java:1208)
at org.testng.TestNG.runSuitesLocally(TestNG.java:1137)
at org.testng.TestNG.runSuites(TestNG.java:1049)
at org.testng.TestNG.run(TestNG.java:1017)
at org.apache.maven.surefire.testng.TestNGExecutor.run(TestNGExecutor.java:281)
at org.apache.maven.surefire.testng.TestNGXmlTestSuite.execute(TestNGXmlTestSuite.java:75)
at org.apache.maven.surefire.testng.TestNGProvider.invoke(TestNGProvider.java:121)
at org.apache.maven.surefire.booter.ForkedBooter.invokeProviderInSameClassLoader(ForkedBooter.java:290)
at org.apache.maven.surefire.booter.ForkedBooter.runSuitesInProcess(ForkedBooter.java:242)
at org.apache.maven.surefire.booter.ForkedBooter.main(ForkedBooter.java:121)
]]>
    </failure>
  </testcase> <!-- validUserShouldBeRedirectedToPracticeQuestions -->
</testsuite> <!-- tests.TreePageTest -->
