<?xml version="1.0" encoding="UTF-8"?>
<!-- Generated by org.testng.reporters.JUnitReportReporter -->
<testsuite skipped="1" hostname="DESKTOP-C6SQIIN" name="tests.HomePageTest" tests="1" failures="0" timestamp="16 Aug 2022 20:31:23 GMT" time="0.000" errors="0">
  <testcase name="UserShouldBeAbleToOpenDSPortalPage" time="0.000" classname="tests.HomePageTest">
    <skipped/>
  </testcase> <!-- UserShouldBeAbleToOpenDSPortalPage -->
</testsuite> <!-- tests.HomePageTest -->
