<?xml version="1.0" encoding="UTF-8"?>
<!-- Generated by org.testng.reporters.JUnitReportReporter -->
<testsuite skipped="8" hostname="DESKTOP-C6SQIIN" name="tests.RegisterPageTest" tests="8" failures="0" timestamp="16 Aug 2022 20:31:23 GMT" time="0.000" errors="0">
  <testcase name="UserShouldNotBeAbleToRegisterWithInvalidData" time="0.000" classname="tests.RegisterPageTest">
    <skipped/>
  </testcase> <!-- UserShouldNotBeAbleToRegisterWithInvalidData -->
  <testcase name="UserShouldNotBeAbleToRegisterWithInvalidData" time="0.000" classname="tests.RegisterPageTest">
    <skipped/>
  </testcase> <!-- UserShouldNotBeAbleToRegisterWithInvalidData -->
  <testcase name="UserShouldNotBeAbleToRegisterWithInvalidData" time="0.000" classname="tests.RegisterPageTest">
    <skipped/>
  </testcase> <!-- UserShouldNotBeAbleToRegisterWithInvalidData -->
  <testcase name="UserShouldNotBeAbleToRegisterWithInvalidData" time="0.000" classname="tests.RegisterPageTest">
    <skipped/>
  </testcase> <!-- UserShouldNotBeAbleToRegisterWithInvalidData -->
  <testcase name="UserShouldNotBeAbleToRegisterWithInvalidData" time="0.000" classname="tests.RegisterPageTest">
    <skipped/>
  </testcase> <!-- UserShouldNotBeAbleToRegisterWithInvalidData -->
  <testcase name="UserShouldNotBeAbleToRegisterWithInvalidData" time="0.000" classname="tests.RegisterPageTest">
    <skipped/>
  </testcase> <!-- UserShouldNotBeAbleToRegisterWithInvalidData -->
  <testcase name="UserShouldNotBeAbleToRegisterWithInvalidData" time="0.000" classname="tests.RegisterPageTest">
    <skipped/>
  </testcase> <!-- UserShouldNotBeAbleToRegisterWithInvalidData -->
  <testcase name="UserShouldNotBeAbleToRegisterWithInvalidData" time="0.000" classname="tests.RegisterPageTest">
    <skipped/>
  </testcase> <!-- UserShouldNotBeAbleToRegisterWithInvalidData -->
</testsuite> <!-- tests.RegisterPageTest -->
