<?xml version="1.0" encoding="UTF-8"?>
<!-- Generated by org.testng.reporters.JUnitReportReporter -->
<testsuite skipped="0" hostname="DESKTOP-C6SQIIN" name="tests.RegisterPageTest" tests="9" failures="0" timestamp="16 Aug 2022 22:26:05 GMT" time="25.307" errors="0">
  <testcase name="UserShouldNotBeAbleToRegisterWithInvalidData" time="2.888" classname="tests.RegisterPageTest"/>
  <testcase name="UserShouldNotBeAbleToRegisterWithInvalidData" time="2.651" classname="tests.RegisterPageTest"/>
  <testcase name="UserShouldNotBeAbleToRegisterWithInvalidData" time="2.968" classname="tests.RegisterPageTest"/>
  <testcase name="UserShouldNotBeAbleToRegisterWithInvalidData" time="2.444" classname="tests.RegisterPageTest"/>
  <testcase name="UserShouldNotBeAbleToRegisterWithInvalidData" time="2.753" classname="tests.RegisterPageTest"/>
  <testcase name="UserShouldNotBeAbleToRegisterWithInvalidData" time="2.434" classname="tests.RegisterPageTest"/>
  <testcase name="UserShouldNotBeAbleToRegisterWithInvalidData" time="2.528" classname="tests.RegisterPageTest"/>
  <testcase name="UserShouldNotBeAbleToRegisterWithInvalidData" time="2.378" classname="tests.RegisterPageTest"/>
  <testcase name="UserIsSuccessfullyAbleToRegister" time="4.263" classname="tests.RegisterPageTest"/>
</testsuite> <!-- tests.RegisterPageTest -->
