<?xml version="1.0" encoding="UTF-8"?>
<!-- Generated by org.testng.reporters.JUnitReportReporter -->
<testsuite skipped="0" hostname="DESKTOP-C6SQIIN" name="tests.GraphPageTest" tests="4" failures="0" timestamp="16 Aug 2022 22:26:05 GMT" time="2.232" errors="0">
  <testcase name="validUserShouldBeAbletoLandInGraphPage" time="0.011" classname="tests.GraphPageTest"/>
  <testcase name="validUserShouldBeRedirectedToGraphTryEditorPage" time="1.269" classname="tests.GraphPageTest"/>
  <testcase name="validUserShouldBeAbletoLandInGraphRepresentationPage" time="0.351" classname="tests.GraphPageTest"/>
  <testcase name="validUserShouldBeRedirectedToGraphRepresentationsTryEditorPage" time="0.601" classname="tests.GraphPageTest"/>
</testsuite> <!-- tests.GraphPageTest -->
