<?xml version="1.0" encoding="UTF-8"?>
<!-- Generated by org.testng.reporters.JUnitReportReporter -->
<testsuite skipped="1" hostname="DESKTOP-C6SQIIN" name="tests.GraphPageTest" tests="1" failures="0" timestamp="16 Aug 2022 20:31:23 GMT" time="0.000" errors="0">
  <testcase name="validUserShouldBeAbletoLandInGraphPage" time="0.000" classname="tests.GraphPageTest">
    <skipped/>
  </testcase> <!-- validUserShouldBeAbletoLandInGraphPage -->
</testsuite> <!-- tests.GraphPageTest -->
