<?xml version="1.0" encoding="UTF-8"?>
<!-- Generated by org.testng.reporters.JUnitReportReporter -->
<testsuite skipped="0" hostname="DESKTOP-C6SQIIN" name="tests.DSIntroductionPageTest" tests="4" failures="0" timestamp="16 Aug 2022 22:26:05 GMT" time="1.836" errors="0">
  <testcase name="validUserShouldBeAbletoLandInDSIntroductionPage" time="0.014" classname="tests.DSIntroductionPageTest"/>
  <testcase name="validUserShouldBeRedirectedToTimeCompexityIntroduction" time="0.261" classname="tests.DSIntroductionPageTest"/>
  <testcase name="validUserShouldBeRedirectedToTryEditorPage" time="1.099" classname="tests.DSIntroductionPageTest"/>
  <testcase name="validUserShouldBeRedirectedToPracticeQuestions" time="0.462" classname="tests.DSIntroductionPageTest"/>
</testsuite> <!-- tests.DSIntroductionPageTest -->
